-------------------------------------------------------------------------------
Test set: com.cardclash.CardClashTest
-------------------------------------------------------------------------------
Tests run: 27, Failures: 0, Errors: 17, Skipped: 0, Time elapsed: 0.119 s <<< FAILURE! - in com.cardclash.CardClashTest
testConfermaTabellone(com.cardclash.CardClashTest)  Time elapsed: 0.012 s  <<< ERROR!
java.lang.NullPointerException: Cannot invoke "com.cardclash.FormatoTorneo.getNome()" because "this.formato" is null
	at com.cardclash.CardClashTest.testConfermaTabellone(CardClashTest.java:247)

testAggiornaELO(com.cardclash.CardClashTest)  Time elapsed: 0 s  <<< ERROR!
java.lang.NullPointerException: Cannot invoke "com.cardclash.FormatoTorneo.getNome()" because "this.formato" is null
	at com.cardclash.CardClashTest.testAggiornaELO(CardClashTest.java:358)

testVisualizzaTabellone(com.cardclash.CardClashTest)  Time elapsed: 0.001 s  <<< ERROR!
java.lang.NullPointerException: Cannot invoke "com.cardclash.FormatoTorneo.getNome()" because "this.formato" is null
	at com.cardclash.CardClashTest.testVisualizzaTabellone(CardClashTest.java:260)

testGetTorneiDaConcludere(com.cardclash.CardClashTest)  Time elapsed: 0 s  <<< ERROR!
java.lang.NullPointerException: Cannot invoke "com.cardclash.FormatoTorneo.getNome()" because "this.formato" is null
	at com.cardclash.CardClashTest.testGetTorneiDaConcludere(CardClashTest.java:341)

testMostraTorneiDisponibili(com.cardclash.CardClashTest)  Time elapsed: 0 s  <<< ERROR!
java.lang.NullPointerException: Cannot invoke "com.cardclash.FormatoTorneo.getNome()" because "this.formato" is null
	at com.cardclash.CardClashTest.testMostraTorneiDisponibili(CardClashTest.java:106)

testSelezionaTipo(com.cardclash.CardClashTest)  Time elapsed: 0.001 s  <<< ERROR!
java.lang.NullPointerException: Cannot invoke "com.cardclash.FormatoTorneo.getNome()" because "this.formato" is null
	at com.cardclash.CardClashTest.testSelezionaTipo(CardClashTest.java:165)

testSelezionaTorneo(com.cardclash.CardClashTest)  Time elapsed: 0 s  <<< ERROR!
java.lang.NullPointerException: Cannot invoke "com.cardclash.FormatoTorneo.getNome()" because "this.formato" is null
	at com.cardclash.CardClashTest.testSelezionaTorneo(CardClashTest.java:142)

testSelezionaFormato(com.cardclash.CardClashTest)  Time elapsed: 0 s  <<< ERROR!
java.lang.NullPointerException: Cannot invoke "com.cardclash.FormatoTorneo.getNome()" because "this.formato" is null
	at com.cardclash.CardClashTest.testSelezionaFormato(CardClashTest.java:57)

testEliminaGiocatore(com.cardclash.CardClashTest)  Time elapsed: 0.001 s  <<< ERROR!
java.lang.NullPointerException: Cannot invoke "com.cardclash.FormatoTorneo.getNome()" because "this.formato" is null
	at com.cardclash.CardClashTest.testEliminaGiocatore(CardClashTest.java:274)

testAggiornaTabellone(com.cardclash.CardClashTest)  Time elapsed: 0.001 s  <<< ERROR!
java.lang.NullPointerException: Cannot invoke "com.cardclash.FormatoTorneo.getNome()" because "this.formato" is null
	at com.cardclash.CardClashTest.testAggiornaTabellone(CardClashTest.java:289)

testCreaTorneo(com.cardclash.CardClashTest)  Time elapsed: 0 s  <<< ERROR!
java.lang.NullPointerException: Cannot invoke "com.cardclash.FormatoTorneo.getNome()" because "this.formato" is null
	at com.cardclash.CardClashTest.testCreaTorneo(CardClashTest.java:50)

testSetVincitore(com.cardclash.CardClashTest)  Time elapsed: 0 s  <<< ERROR!
java.lang.NullPointerException: Cannot invoke "com.cardclash.FormatoTorneo.getNome()" because "this.formato" is null
	at com.cardclash.CardClashTest.testSetVincitore(CardClashTest.java:380)

testConfermaIscrizione(com.cardclash.CardClashTest)  Time elapsed: 0.001 s  <<< ERROR!
java.lang.NullPointerException: Cannot invoke "com.cardclash.FormatoTorneo.getNome()" because "this.formato" is null
	at com.cardclash.CardClashTest.testConfermaIscrizione(CardClashTest.java:187)

testVisualizzaClassifica(com.cardclash.CardClashTest)  Time elapsed: 0 s  <<< ERROR!
java.lang.NullPointerException: Cannot invoke "com.cardclash.FormatoTorneo.getNome()" because "this.formato" is null
	at com.cardclash.CardClashTest.testVisualizzaClassifica(CardClashTest.java:318)

testConfermaCreazione(com.cardclash.CardClashTest)  Time elapsed: 0 s  <<< ERROR!
java.lang.NullPointerException: Cannot invoke "com.cardclash.FormatoTorneo.getNome()" because "this.formato" is null
	at com.cardclash.CardClashTest.testConfermaCreazione(CardClashTest.java:70)

testAggiornaPunteggio(com.cardclash.CardClashTest)  Time elapsed: 0.001 s  <<< ERROR!
java.lang.NullPointerException: Cannot invoke "com.cardclash.FormatoTorneo.getNome()" because "this.formato" is null
	at com.cardclash.CardClashTest.testAggiornaPunteggio(CardClashTest.java:302)

testCreaTabellone(com.cardclash.CardClashTest)  Time elapsed: 0 s  <<< ERROR!
java.lang.NullPointerException: Cannot invoke "com.cardclash.FormatoTorneo.getNome()" because "this.formato" is null
	at com.cardclash.CardClashTest.testCreaTabellone(CardClashTest.java:231)

