<?xml version="1.0" encoding="UTF-8"?>
<testsuite xmlns:xsi="http://www.w3.org/2001/XMLSchema-instance" xsi:noNamespaceSchemaLocation="https://maven.apache.org/surefire/maven-surefire-plugin/xsd/surefire-test-report.xsd" name="com.cardclash.CardClashTest" time="0.131" tests="27" errors="0" skipped="0" failures="0">
  <properties>
[...]
</properties>
  <testcase name="testSelezioneFormato" classname="com.cardclash.CardClashTest" time="0.012"/>
  <testcase name="testConfermaTabellone" classname="com.cardclash.CardClashTest" time="0.012"/>
  <testcase name="testAggiornaELO" classname="com.cardclash.CardClashTest" time="0.001"/>
  <testcase name="testLoadFormati" classname="com.cardclash.CardClashTest" time="0"/>
  <testcase name="testInserimentoTipoMazzo" classname="com.cardclash.CardClashTest" time="0.002"/>
  <testcase name="testConfermaRegistrazione" classname="com.cardclash.CardClashTest" time="0"/>
  <testcase name="testSingletonInstance" classname="com.cardclash.CardClashTest" time="0"/>
  <testcase name="testVisualizzaTabellone" classname="com.cardclash.CardClashTest" time="0.001"/>
  <testcase name="testGetTorneiDaConcludere" classname="com.cardclash.CardClashTest" time="0.002"/>
  <testcase name="testMostraTorneiDisponibili" classname="com.cardclash.CardClashTest" time="0.002"/>
  <testcase name="testSelezionaTipo" classname="com.cardclash.CardClashTest" time="0.002"/>
  <testcase name="testSelezionaTorneo" classname="com.cardclash.CardClashTest" time="0"/>
  <testcase name="testInserimentoMazzo" classname="com.cardclash.CardClashTest" time="0"/>
  <testcase name="testSelezionaFormato" classname="com.cardclash.CardClashTest" time="0.001"/>
  <testcase name="testEliminaGiocatore" classname="com.cardclash.CardClashTest" time="0"/>
  <testcase name="testAggiornaTabellone" classname="com.cardclash.CardClashTest" time="0.001"/>
  <testcase name="testCreaTorneo" classname="com.cardclash.CardClashTest" time="0"/>
  <testcase name="testSetVincitore" classname="com.cardclash.CardClashTest" time="0"/>
  <testcase name="testRegistraGiocatore" classname="com.cardclash.CardClashTest" time="0.001"/>
  <testcase name="testConfermaIscrizione" classname="com.cardclash.CardClashTest" time="0.001"/>
  <testcase name="testVisualizzaClassifica" classname="com.cardclash.CardClashTest" time="0"/>
  <testcase name="testConfermaCreazione" classname="com.cardclash.CardClashTest" time="0"/>
  <testcase name="testConfermaInserimentoTipo" classname="com.cardclash.CardClashTest" time="0.002"/>
  <testcase name="testAggiornaPunteggio" classname="com.cardclash.CardClashTest" time="0.001"/>
  <testcase name="testCreaTabellone" classname="com.cardclash.CardClashTest" time="0"/>
  <testcase name="testCreaNuovoFormato" classname="com.cardclash.CardClashTest" time="0.002"/>
  <testcase name="testConfermaFormato" classname="com.cardclash.CardClashTest" time="0"/>
</testsuite>