<?xml version="1.0" encoding="UTF-8"?>
<testsuite xmlns:xsi="http://www.w3.org/2001/XMLSchema-instance" xsi:noNamespaceSchemaLocation="https://maven.apache.org/surefire/maven-surefire-plugin/xsd/surefire-test-report-3.0.xsd" version="3.0" name="com.cardclash.CardClashTest" time="0.689" tests="27" errors="0" skipped="0" failures="0">
  <properties>
[...]
</properties>
  <testcase name="testSelezioneFormato" classname="com.cardclash.CardClashTest" time="0.06">
    <system-out><![CDATA[Tipi di mazzo caricati per Pauper (Magic: The Gathering).
Tipi di mazzo caricati per Monotype (Pokémon).
Tipi di mazzo caricati per Yu-Gi-Oh!.
Tipi di mazzo caricati per Magic: The Gathering.
Formati di torneo caricati con successo!
Formato selezionato: FormatoTorneo{codice=1, nome='Pauper', gioco=Magic: The Gathering, tipiMazzo={233306=TipoMazzo{codice=233306, nome='Mazzo pauper'}}}
]]></system-out>
  </testcase>
  <testcase name="testConfermaTabellone" classname="com.cardclash.CardClashTest" time="0.07"/>
  <testcase name="testAggiornaELO" classname="com.cardclash.CardClashTest" time="0.002"/>
  <testcase name="testLoadFormati" classname="com.cardclash.CardClashTest" time="0.0"/>
  <testcase name="testInserimentoTipoMazzo" classname="com.cardclash.CardClashTest" time="0.01">
    <system-out><![CDATA[Formato selezionato: FormatoTorneo{codice=1, nome='Pauper', gioco=Magic: The Gathering, tipiMazzo={233306=TipoMazzo{codice=233306, nome='Mazzo pauper'}}}
]]></system-out>
  </testcase>
  <testcase name="testConfermaRegistrazione" classname="com.cardclash.CardClashTest" time="0.0"/>
  <testcase name="testSingletonInstance" classname="com.cardclash.CardClashTest" time="0.0"/>
  <testcase name="testVisualizzaTabellone" classname="com.cardclash.CardClashTest" time="0.0"/>
  <testcase name="testGetTorneiDaConcludere" classname="com.cardclash.CardClashTest" time="0.015"/>
  <testcase name="testMostraTorneiDisponibili" classname="com.cardclash.CardClashTest" time="0.009">
    <system-out><![CDATA[Formato selezionato: FormatoTorneo{codice=1, nome='Pauper', gioco=Magic: The Gathering, tipiMazzo={233306=TipoMazzo{codice=233306, nome='Mazzo pauper'}}}
Formato selezionato: FormatoTorneo{codice=1, nome='Pauper', gioco=Magic: The Gathering, tipiMazzo={233306=TipoMazzo{codice=233306, nome='Mazzo pauper'}}}
]]></system-out>
  </testcase>
  <testcase name="testSelezionaTipo" classname="com.cardclash.CardClashTest" time="0.007">
    <system-out><![CDATA[Formato selezionato: FormatoTorneo{codice=1, nome='Pauper', gioco=Magic: The Gathering, tipiMazzo={233306=TipoMazzo{codice=233306, nome='Mazzo pauper'}}}
]]></system-out>
  </testcase>
  <testcase name="testSelezionaTorneo" classname="com.cardclash.CardClashTest" time="0.0"/>
  <testcase name="testInserimentoMazzo" classname="com.cardclash.CardClashTest" time="0.0"/>
  <testcase name="testSelezionaFormato" classname="com.cardclash.CardClashTest" time="0.008">
    <system-out><![CDATA[Formato non trovato per il codice: 20
Formato selezionato: FormatoTorneo{codice=1, nome='Pauper', gioco=Magic: The Gathering, tipiMazzo={233306=TipoMazzo{codice=233306, nome='Mazzo pauper'}}}
]]></system-out>
  </testcase>
  <testcase name="testEliminaGiocatore" classname="com.cardclash.CardClashTest" time="0.002"/>
  <testcase name="testAggiornaTabellone" classname="com.cardclash.CardClashTest" time="0.003"/>
  <testcase name="testCreaTorneo" classname="com.cardclash.CardClashTest" time="0.002"/>
  <testcase name="testSetVincitore" classname="com.cardclash.CardClashTest" time="0.001"/>
  <testcase name="testRegistraGiocatore" classname="com.cardclash.CardClashTest" time="0.005"/>
  <testcase name="testConfermaIscrizione" classname="com.cardclash.CardClashTest" time="0.005"/>
  <testcase name="testVisualizzaClassifica" classname="com.cardclash.CardClashTest" time="0.002"/>
  <testcase name="testConfermaCreazione" classname="com.cardclash.CardClashTest" time="0.002"/>
  <testcase name="testConfermaInserimentoTipo" classname="com.cardclash.CardClashTest" time="0.008">
    <system-out><![CDATA[Formato selezionato: FormatoTorneo{codice=1, nome='Pauper', gioco=Magic: The Gathering, tipiMazzo={233306=TipoMazzo{codice=233306, nome='Mazzo pauper'}}}
]]></system-out>
  </testcase>
  <testcase name="testAggiornaPunteggio" classname="com.cardclash.CardClashTest" time="0.003">
    <system-out><![CDATA[Formato selezionato: FormatoTorneo{codice=1, nome='Pauper', gioco=Magic: The Gathering, tipiMazzo={855816=TipoMazzo{codice=855816, nome='Control'}, 233306=TipoMazzo{codice=233306, nome='Mazzo pauper'}}}
]]></system-out>
  </testcase>
  <testcase name="testCreaTabellone" classname="com.cardclash.CardClashTest" time="0.003">
    <system-out><![CDATA[Il torneo è già terminato, non è possibile creare un nuovo tabellone.
]]></system-out>
  </testcase>
  <testcase name="testCreaNuovoFormato" classname="com.cardclash.CardClashTest" time="0.003">
    <system-out><![CDATA[Formato torneo personalizzatoFormato Test creato con successo!
]]></system-out>
  </testcase>
  <testcase name="testConfermaFormato" classname="com.cardclash.CardClashTest" time="0.003">
    <system-out><![CDATA[Formato torneo personalizzatoFormato Conferma creato con successo!
]]></system-out>
  </testcase>
</testsuite>