-------------------------------------------------------------------------------
Test set: com.cardclash.CardClashTest
-------------------------------------------------------------------------------
Tests run: 21, Failures: 0, Errors: 1, Skipped: 0, Time elapsed: 0.362 s <<< FAILURE! - in com.cardclash.CardClashTest
testMostraTorneiDisponibili(com.cardclash.CardClashTest)  Time elapsed: 0.019 s  <<< ERROR!
java.lang.NullPointerException: Cannot invoke "com.cardclash.FormatoTorneo.getNumMaxGiocatori()" because "this.formato" is null
	at com.cardclash.CardClashTest.testMostraTorneiDisponibili(CardClashTest.java:116)

