-------------------------------------------------------------------------------
Test set: com.cardclash.CardClashTest
-------------------------------------------------------------------------------
Tests run: 12, Failures: 1, Errors: 1, Skipped: 0, Time elapsed: 0.446 s <<< FAILURE! - in com.cardclash.CardClashTest
testMostraTorneiDisponibili(com.cardclash.CardClashTest)  Time elapsed: 0.057 s  <<< ERROR!
java.lang.NullPointerException: Cannot invoke "com.cardclash.FormatoTorneo.getNumMaxGiocatori()" because "this.formato" is null
	at com.cardclash.CardClashTest.testMostraTorneiDisponibili(CardClashTest.java:123)

testSelezionaTipo(com.cardclash.CardClashTest)  Time elapsed: 0.025 s  <<< FAILURE!
java.lang.AssertionError
	at com.cardclash.CardClashTest.testSelezionaTipo(CardClashTest.java:172)

