-------------------------------------------------------------------------------
Test set: com.cardclash.FormatoTorneoTest
-------------------------------------------------------------------------------
Tests run: 3, Failures: 3, Errors: 0, Skipped: 0, Time elapsed: 0.004 s <<< FAILURE! - in com.cardclash.FormatoTorneoTest
testLoadTipiMazzoMagic(com.cardclash.FormatoTorneoTest)  Time elapsed: 0.002 s  <<< FAILURE!
java.lang.AssertionError: expected:<1> but was:<2>
	at com.cardclash.FormatoTorneoTest.testLoadTipiMazzoMagic(FormatoTorneoTest.java:27)

testLoadTipiMazzoYuGiOh(com.cardclash.FormatoTorneoTest)  Time elapsed: 0.001 s  <<< FAILURE!
java.lang.AssertionError: expected:<3> but was:<6>
	at com.cardclash.FormatoTorneoTest.testLoadTipiMazzoYuGiOh(FormatoTorneoTest.java:45)

testLoadTipiMazzoPokemon(com.cardclash.FormatoTorneoTest)  Time elapsed: 0 s  <<< FAILURE!
java.lang.AssertionError: expected:<1> but was:<2>
	at com.cardclash.FormatoTorneoTest.testLoadTipiMazzoPokemon(FormatoTorneoTest.java:36)

