-------------------------------------------------------------------------------
Test set: com.cardclash.CardClashTest
-------------------------------------------------------------------------------
Tests run: 12, Failures: 1, Errors: 0, Skipped: 0, Time elapsed: 0.117 s <<< FAILURE! - in com.cardclash.CardClashTest
testSelezionaTipo(com.cardclash.CardClashTest)  Time elapsed: 0.014 s  <<< FAILURE!
java.lang.AssertionError
	at com.cardclash.CardClashTest.testSelezionaTipo(CardClashTest.java:172)

