<?xml version="1.0" encoding="UTF-8"?>
<testsuite xmlns:xsi="http://www.w3.org/2001/XMLSchema-instance" xsi:noNamespaceSchemaLocation="https://maven.apache.org/surefire/maven-surefire-plugin/xsd/surefire-test-report.xsd" name="com.cardclash.CardClashTest" time="0.446" tests="12" errors="1" skipped="0" failures="1">
  <properties>
[...]
</properties>
  <testcase name="testLoadFormati" classname="com.cardclash.CardClashTest" time="0.014"/>
  <testcase name="testConfermaRegistrazione" classname="com.cardclash.CardClashTest" time="0.001"/>
  <testcase name="testSingletonInstance" classname="com.cardclash.CardClashTest" time="0.003"/>
  <testcase name="testMostraTorneiDisponibili" classname="com.cardclash.CardClashTest" time="0.057">
    <error message="Cannot invoke &quot;com.cardclash.FormatoTorneo.getNumMaxGiocatori()&quot; because &quot;this.formato&quot; is null" type="java.lang.NullPointerException">java.lang.NullPointerException: Cannot invoke "com.cardclash.FormatoTorneo.getNumMaxGiocatori()" because "this.formato" is null
	at com.cardclash.CardClashTest.testMostraTorneiDisponibili(CardClashTest.java:123)
</error>
    <system-out><![CDATA[Torneo creato: Torneo 1
Torneo creato: Torneo 2
Torneo creato: Torneo 3
Torneo creato: Torneo 4
]]></system-out>
  </testcase>
  <testcase name="testSelezionaTipo" classname="com.cardclash.CardClashTest" time="0.025">
    <failure type="java.lang.AssertionError">java.lang.AssertionError
	at com.cardclash.CardClashTest.testSelezionaTipo(CardClashTest.java:172)
</failure>
    <system-out><![CDATA[Torneo creato: Torneo Test
Formato selezionato: FormatoTorneo{codice=1, nome='Pauper', gioco=Magic: The Gathering, tipiMazzo={127186=TipoMazzo{codice=127186, nome='Mazzo pauper'}}}
]]></system-out>
  </testcase>
  <testcase name="testSelezionaTorneo" classname="com.cardclash.CardClashTest" time="0.002"/>
  <testcase name="testInserimentoMazzo" classname="com.cardclash.CardClashTest" time="0.004"/>
  <testcase name="testSelezionaFormato" classname="com.cardclash.CardClashTest" time="0.001"/>
  <testcase name="testCreaTorneo" classname="com.cardclash.CardClashTest" time="0.002"/>
  <testcase name="testRegistraGiocatore" classname="com.cardclash.CardClashTest" time="0.002"/>
  <testcase name="testConfermaIscrizione" classname="com.cardclash.CardClashTest" time="0.006"/>
  <testcase name="testConfermaCreazione" classname="com.cardclash.CardClashTest" time="0.002"/>
</testsuite>